<?xml version="1.0" encoding="UTF-8"?>
<testng-results skipped="0" failed="0" ignored="0" total="4" passed="4">
  <reporter-output>
  </reporter-output>
  <suite name="search-module" duration-ms="46296" started-at="2021-06-27T16:05:48Z" finished-at="2021-06-27T16:06:35Z">
    <groups>
    </groups>
    <test name="search-test-java" duration-ms="25125" started-at="2021-06-27T16:05:48Z" finished-at="2021-06-27T16:06:14Z">
      <class name="com.searchmodule.tests.SearchTest">
        <test-method status="PASS" signature="setupDriver(org.testng.ITestContext)[pri:0, instance:com.searchmodule.tests.SearchTest@5a99da]" name="setupDriver" is-config="true" duration-ms="16101" started-at="2021-06-27T16:05:48Z" finished-at="2021-06-27T16:06:05Z">
          <params>
            <param index="0">
              <value>
                <![CDATA[org.testng.TestRunner@8dcdaa]]>
              </value>
            </param>
          </params>
          <reporter-output>
          </reporter-output>
        </test-method> <!-- setupDriver -->
        <test-method status="PASS" signature="search(java.lang.String)[pri:0, instance:com.searchmodule.tests.SearchTest@5a99da]" name="search" duration-ms="8854" started-at="2021-06-27T16:06:05Z" finished-at="2021-06-27T16:06:13Z">
          <params>
            <param index="0">
              <value>
                <![CDATA[java]]>
              </value>
            </param>
          </params>
          <reporter-output>
          </reporter-output>
        </test-method> <!-- search -->
        <test-method status="PASS" signature="quitDriver()[pri:0, instance:com.searchmodule.tests.SearchTest@5a99da]" name="quitDriver" is-config="true" duration-ms="161" started-at="2021-06-27T16:06:13Z" finished-at="2021-06-27T16:06:14Z">
          <reporter-output>
          </reporter-output>
        </test-method> <!-- quitDriver -->
      </class> <!-- com.searchmodule.tests.SearchTest -->
    </test> <!-- search-test-java -->
    <test name="search-test-webdriver" duration-ms="5573" started-at="2021-06-27T16:06:14Z" finished-at="2021-06-27T16:06:19Z">
      <class name="com.searchmodule.tests.SearchTest">
        <test-method status="PASS" signature="setupDriver(org.testng.ITestContext)[pri:0, instance:com.searchmodule.tests.SearchTest@580929]" name="setupDriver" is-config="true" duration-ms="938" started-at="2021-06-27T16:06:14Z" finished-at="2021-06-27T16:06:15Z">
          <params>
            <param index="0">
              <value>
                <![CDATA[org.testng.TestRunner@1a8b4e]]>
              </value>
            </param>
          </params>
          <reporter-output>
          </reporter-output>
        </test-method> <!-- setupDriver -->
        <test-method status="PASS" signature="search(java.lang.String)[pri:0, instance:com.searchmodule.tests.SearchTest@580929]" name="search" duration-ms="4522" started-at="2021-06-27T16:06:15Z" finished-at="2021-06-27T16:06:19Z">
          <params>
            <param index="0">
              <value>
                <![CDATA[webdriver]]>
              </value>
            </param>
          </params>
          <reporter-output>
          </reporter-output>
        </test-method> <!-- search -->
        <test-method status="PASS" signature="quitDriver()[pri:0, instance:com.searchmodule.tests.SearchTest@580929]" name="quitDriver" is-config="true" duration-ms="113" started-at="2021-06-27T16:06:19Z" finished-at="2021-06-27T16:06:19Z">
          <reporter-output>
          </reporter-output>
        </test-method> <!-- quitDriver -->
      </class> <!-- com.searchmodule.tests.SearchTest -->
    </test> <!-- search-test-webdriver -->
    <test name="search-test-docker" duration-ms="8980" started-at="2021-06-27T16:06:19Z" finished-at="2021-06-27T16:06:28Z">
      <class name="com.searchmodule.tests.SearchTest">
        <test-method status="PASS" signature="setupDriver(org.testng.ITestContext)[pri:0, instance:com.searchmodule.tests.SearchTest@140564]" name="setupDriver" is-config="true" duration-ms="503" started-at="2021-06-27T16:06:19Z" finished-at="2021-06-27T16:06:20Z">
          <params>
            <param index="0">
              <value>
                <![CDATA[org.testng.TestRunner@be877d]]>
              </value>
            </param>
          </params>
          <reporter-output>
          </reporter-output>
        </test-method> <!-- setupDriver -->
        <test-method status="PASS" signature="search(java.lang.String)[pri:0, instance:com.searchmodule.tests.SearchTest@140564]" name="search" duration-ms="8419" started-at="2021-06-27T16:06:20Z" finished-at="2021-06-27T16:06:28Z">
          <params>
            <param index="0">
              <value>
                <![CDATA[docker]]>
              </value>
            </param>
          </params>
          <reporter-output>
          </reporter-output>
        </test-method> <!-- search -->
        <test-method status="PASS" signature="quitDriver()[pri:0, instance:com.searchmodule.tests.SearchTest@140564]" name="quitDriver" is-config="true" duration-ms="58" started-at="2021-06-27T16:06:28Z" finished-at="2021-06-27T16:06:28Z">
          <reporter-output>
          </reporter-output>
        </test-method> <!-- quitDriver -->
      </class> <!-- com.searchmodule.tests.SearchTest -->
    </test> <!-- search-test-docker -->
    <test name="search-test-kubernetes" duration-ms="6507" started-at="2021-06-27T16:06:28Z" finished-at="2021-06-27T16:06:35Z">
      <class name="com.searchmodule.tests.SearchTest">
        <test-method status="PASS" signature="setupDriver(org.testng.ITestContext)[pri:0, instance:com.searchmodule.tests.SearchTest@c3fd8b]" name="setupDriver" is-config="true" duration-ms="409" started-at="2021-06-27T16:06:28Z" finished-at="2021-06-27T16:06:29Z">
          <params>
            <param index="0">
              <value>
                <![CDATA[org.testng.TestRunner@8c46a]]>
              </value>
            </param>
          </params>
          <reporter-output>
          </reporter-output>
        </test-method> <!-- setupDriver -->
        <test-method status="PASS" signature="search(java.lang.String)[pri:0, instance:com.searchmodule.tests.SearchTest@c3fd8b]" name="search" duration-ms="6038" started-at="2021-06-27T16:06:29Z" finished-at="2021-06-27T16:06:35Z">
          <params>
            <param index="0">
              <value>
                <![CDATA[kubernetes]]>
              </value>
            </param>
          </params>
          <reporter-output>
          </reporter-output>
        </test-method> <!-- search -->
        <test-method status="PASS" signature="quitDriver()[pri:0, instance:com.searchmodule.tests.SearchTest@c3fd8b]" name="quitDriver" is-config="true" duration-ms="60" started-at="2021-06-27T16:06:35Z" finished-at="2021-06-27T16:06:35Z">
          <reporter-output>
          </reporter-output>
        </test-method> <!-- quitDriver -->
      </class> <!-- com.searchmodule.tests.SearchTest -->
    </test> <!-- search-test-kubernetes -->
  </suite> <!-- search-module -->
</testng-results>
